{"level":"info","msg":"init user client success","time":"2023-06-15T00:32:56+08:00"}
{"level":"debug","msg":"HERTZ: Method=GET    absolutePath=/debug/pprof/             --\u003e handlerName=github.com/hertz-contrib/pprof/adaptor.NewHertzHTTPHandler.func1 (num=1 handlers)","time":"2023-06-15T00:32:56+08:00"}
{"level":"debug","msg":"HERTZ: Method=GET    absolutePath=/debug/pprof/cmdline      --\u003e handlerName=github.com/hertz-contrib/pprof/adaptor.NewHertzHTTPHandler.func1 (num=1 handlers)","time":"2023-06-15T00:32:56+08:00"}
{"level":"debug","msg":"HERTZ: Method=GET    absolutePath=/debug/pprof/profile      --\u003e handlerName=github.com/hertz-contrib/pprof/adaptor.NewHertzHTTPHandler.func1 (num=1 handlers)","time":"2023-06-15T00:32:56+08:00"}
{"level":"debug","msg":"HERTZ: Method=POST   absolutePath=/debug/pprof/symbol       --\u003e handlerName=github.com/hertz-contrib/pprof/adaptor.NewHertzHTTPHandler.func1 (num=1 handlers)","time":"2023-06-15T00:32:56+08:00"}
{"level":"debug","msg":"HERTZ: Method=GET    absolutePath=/debug/pprof/symbol       --\u003e handlerName=github.com/hertz-contrib/pprof/adaptor.NewHertzHTTPHandler.func1 (num=1 handlers)","time":"2023-06-15T00:32:56+08:00"}
{"level":"debug","msg":"HERTZ: Method=GET    absolutePath=/debug/pprof/trace        --\u003e handlerName=github.com/hertz-contrib/pprof/adaptor.NewHertzHTTPHandler.func1 (num=1 handlers)","time":"2023-06-15T00:32:56+08:00"}
{"level":"debug","msg":"HERTZ: Method=GET    absolutePath=/debug/pprof/allocs       --\u003e handlerName=github.com/hertz-contrib/pprof/adaptor.NewHertzHTTPHandler.func1 (num=1 handlers)","time":"2023-06-15T00:32:56+08:00"}
{"level":"debug","msg":"HERTZ: Method=GET    absolutePath=/debug/pprof/block        --\u003e handlerName=github.com/hertz-contrib/pprof/adaptor.NewHertzHTTPHandler.func1 (num=1 handlers)","time":"2023-06-15T00:32:56+08:00"}
{"level":"debug","msg":"HERTZ: Method=GET    absolutePath=/debug/pprof/goroutine    --\u003e handlerName=github.com/hertz-contrib/pprof/adaptor.NewHertzHTTPHandler.func1 (num=1 handlers)","time":"2023-06-15T00:32:56+08:00"}
{"level":"debug","msg":"HERTZ: Method=GET    absolutePath=/debug/pprof/heap         --\u003e handlerName=github.com/hertz-contrib/pprof/adaptor.NewHertzHTTPHandler.func1 (num=1 handlers)","time":"2023-06-15T00:32:56+08:00"}
{"level":"debug","msg":"HERTZ: Method=GET    absolutePath=/debug/pprof/mutex        --\u003e handlerName=github.com/hertz-contrib/pprof/adaptor.NewHertzHTTPHandler.func1 (num=1 handlers)","time":"2023-06-15T00:32:56+08:00"}
{"level":"debug","msg":"HERTZ: Method=GET    absolutePath=/debug/pprof/threadcreate --\u003e handlerName=github.com/hertz-contrib/pprof/adaptor.NewHertzHTTPHandler.func1 (num=1 handlers)","time":"2023-06-15T00:32:56+08:00"}
{"level":"debug","msg":"HERTZ: Method=POST   absolutePath=/user/login               --\u003e handlerName=tank_war/agent_server/cmd/api/biz/handler/user.Login (num=2 handlers)","time":"2023-06-15T00:32:56+08:00"}
{"level":"debug","msg":"HERTZ: Method=POST   absolutePath=/user/register            --\u003e handlerName=tank_war/agent_server/cmd/api/biz/handler/user.Register (num=2 handlers)","time":"2023-06-15T00:32:56+08:00"}
{"level":"debug","msg":"HERTZ: Method=GET    absolutePath=/room                     --\u003e handlerName=tank_war/agent_server/cmd/api/biz/handler/room.GetRoomList (num=2 handlers)","time":"2023-06-15T00:32:56+08:00"}
{"level":"debug","msg":"HERTZ: Method=POST   absolutePath=/room                     --\u003e handlerName=tank_war/agent_server/cmd/api/biz/handler/room.CreateRoom (num=3 handlers)","time":"2023-06-15T00:32:56+08:00"}
{"level":"debug","msg":"HERTZ: Method=POST   absolutePath=/room/join                --\u003e handlerName=tank_war/agent_server/cmd/api/biz/handler/room.JoinRoom (num=3 handlers)","time":"2023-06-15T00:32:56+08:00"}
{"level":"debug","msg":"HERTZ: Method=GET    absolutePath=/ping                     --\u003e handlerName=tank_war/agent_server/cmd/api/biz/handler.Ping (num=2 handlers)","time":"2023-06-15T00:32:56+08:00"}
{"level":"info","msg":"HERTZ: Using network library=netpoll","time":"2023-06-15T00:32:56+08:00"}
{"level":"info","msg":"HERTZ: HTTP server listening on address=[::]:8080","time":"2023-06-15T00:32:56+08:00"}
{"level":"error","msg":"HERTZ: Receive close signal: error=terminated","time":"2023-06-15T00:52:55+08:00"}
{"level":"error","msg":"HERTZ: Close error=context deadline exceeded","time":"2023-06-15T00:52:55+08:00"}
{"level":"fatal","msg":"connect to redis failed,err:dial tcp :0: connect: connection refused","time":"2023-06-15T00:53:02+08:00"}
{"level":"fatal","msg":"connect to redis failed,err:NOAUTH Authentication required.","time":"2023-06-15T00:58:03+08:00"}
{"level":"fatal","msg":"connect to redis failed,err:NOAUTH Authentication required.","time":"2023-06-15T01:01:42+08:00"}
{"level":"info","msg":"initialize redis successfully.","time":"2023-06-15T01:03:27+08:00"}
{"level":"info","msg":"init user client success","time":"2023-06-15T01:03:27+08:00"}
{"level":"debug","msg":"HERTZ: Method=GET    absolutePath=/debug/pprof/             --\u003e handlerName=github.com/hertz-contrib/pprof/adaptor.NewHertzHTTPHandler.func1 (num=1 handlers)","time":"2023-06-15T01:03:27+08:00"}
{"level":"debug","msg":"HERTZ: Method=GET    absolutePath=/debug/pprof/cmdline      --\u003e handlerName=github.com/hertz-contrib/pprof/adaptor.NewHertzHTTPHandler.func1 (num=1 handlers)","time":"2023-06-15T01:03:27+08:00"}
{"level":"debug","msg":"HERTZ: Method=GET    absolutePath=/debug/pprof/profile      --\u003e handlerName=github.com/hertz-contrib/pprof/adaptor.NewHertzHTTPHandler.func1 (num=1 handlers)","time":"2023-06-15T01:03:27+08:00"}
{"level":"debug","msg":"HERTZ: Method=POST   absolutePath=/debug/pprof/symbol       --\u003e handlerName=github.com/hertz-contrib/pprof/adaptor.NewHertzHTTPHandler.func1 (num=1 handlers)","time":"2023-06-15T01:03:27+08:00"}
{"level":"debug","msg":"HERTZ: Method=GET    absolutePath=/debug/pprof/symbol       --\u003e handlerName=github.com/hertz-contrib/pprof/adaptor.NewHertzHTTPHandler.func1 (num=1 handlers)","time":"2023-06-15T01:03:27+08:00"}
{"level":"debug","msg":"HERTZ: Method=GET    absolutePath=/debug/pprof/trace        --\u003e handlerName=github.com/hertz-contrib/pprof/adaptor.NewHertzHTTPHandler.func1 (num=1 handlers)","time":"2023-06-15T01:03:27+08:00"}
{"level":"debug","msg":"HERTZ: Method=GET    absolutePath=/debug/pprof/allocs       --\u003e handlerName=github.com/hertz-contrib/pprof/adaptor.NewHertzHTTPHandler.func1 (num=1 handlers)","time":"2023-06-15T01:03:27+08:00"}
{"level":"debug","msg":"HERTZ: Method=GET    absolutePath=/debug/pprof/block        --\u003e handlerName=github.com/hertz-contrib/pprof/adaptor.NewHertzHTTPHandler.func1 (num=1 handlers)","time":"2023-06-15T01:03:27+08:00"}
{"level":"debug","msg":"HERTZ: Method=GET    absolutePath=/debug/pprof/goroutine    --\u003e handlerName=github.com/hertz-contrib/pprof/adaptor.NewHertzHTTPHandler.func1 (num=1 handlers)","time":"2023-06-15T01:03:27+08:00"}
{"level":"debug","msg":"HERTZ: Method=GET    absolutePath=/debug/pprof/heap         --\u003e handlerName=github.com/hertz-contrib/pprof/adaptor.NewHertzHTTPHandler.func1 (num=1 handlers)","time":"2023-06-15T01:03:27+08:00"}
{"level":"debug","msg":"HERTZ: Method=GET    absolutePath=/debug/pprof/mutex        --\u003e handlerName=github.com/hertz-contrib/pprof/adaptor.NewHertzHTTPHandler.func1 (num=1 handlers)","time":"2023-06-15T01:03:27+08:00"}
{"level":"debug","msg":"HERTZ: Method=GET    absolutePath=/debug/pprof/threadcreate --\u003e handlerName=github.com/hertz-contrib/pprof/adaptor.NewHertzHTTPHandler.func1 (num=1 handlers)","time":"2023-06-15T01:03:27+08:00"}
{"level":"debug","msg":"HERTZ: Method=POST   absolutePath=/user/login               --\u003e handlerName=tank_war/agent_server/cmd/api/biz/handler/user.Login (num=2 handlers)","time":"2023-06-15T01:03:27+08:00"}
{"level":"debug","msg":"HERTZ: Method=POST   absolutePath=/user/register            --\u003e handlerName=tank_war/agent_server/cmd/api/biz/handler/user.Register (num=2 handlers)","time":"2023-06-15T01:03:27+08:00"}
{"level":"debug","msg":"HERTZ: Method=GET    absolutePath=/room                     --\u003e handlerName=tank_war/agent_server/cmd/api/biz/handler/room.GetRoomList (num=2 handlers)","time":"2023-06-15T01:03:27+08:00"}
{"level":"debug","msg":"HERTZ: Method=POST   absolutePath=/room                     --\u003e handlerName=tank_war/agent_server/cmd/api/biz/handler/room.CreateRoom (num=3 handlers)","time":"2023-06-15T01:03:27+08:00"}
{"level":"debug","msg":"HERTZ: Method=POST   absolutePath=/room/join                --\u003e handlerName=tank_war/agent_server/cmd/api/biz/handler/room.JoinRoom (num=3 handlers)","time":"2023-06-15T01:03:27+08:00"}
{"level":"debug","msg":"HERTZ: Method=GET    absolutePath=/ping                     --\u003e handlerName=tank_war/agent_server/cmd/api/biz/handler.Ping (num=2 handlers)","time":"2023-06-15T01:03:27+08:00"}
{"level":"info","msg":"HERTZ: Using network library=netpoll","time":"2023-06-15T01:03:27+08:00"}
{"level":"info","msg":"HERTZ: HTTP server listening on address=[::]:8080","time":"2023-06-15T01:03:27+08:00"}
{"level":"error","msg":"HERTZ: Receive close signal: error=terminated","time":"2023-06-15T01:06:15+08:00"}
{"level":"info","msg":"initialize redis successfully.","time":"2023-06-15T01:06:18+08:00"}
{"level":"info","msg":"init user client success","time":"2023-06-15T01:06:18+08:00"}
{"level":"debug","msg":"HERTZ: Method=GET    absolutePath=/debug/pprof/             --\u003e handlerName=github.com/hertz-contrib/pprof/adaptor.NewHertzHTTPHandler.func1 (num=1 handlers)","time":"2023-06-15T01:06:18+08:00"}
{"level":"debug","msg":"HERTZ: Method=GET    absolutePath=/debug/pprof/cmdline      --\u003e handlerName=github.com/hertz-contrib/pprof/adaptor.NewHertzHTTPHandler.func1 (num=1 handlers)","time":"2023-06-15T01:06:18+08:00"}
{"level":"debug","msg":"HERTZ: Method=GET    absolutePath=/debug/pprof/profile      --\u003e handlerName=github.com/hertz-contrib/pprof/adaptor.NewHertzHTTPHandler.func1 (num=1 handlers)","time":"2023-06-15T01:06:18+08:00"}
{"level":"debug","msg":"HERTZ: Method=POST   absolutePath=/debug/pprof/symbol       --\u003e handlerName=github.com/hertz-contrib/pprof/adaptor.NewHertzHTTPHandler.func1 (num=1 handlers)","time":"2023-06-15T01:06:18+08:00"}
{"level":"debug","msg":"HERTZ: Method=GET    absolutePath=/debug/pprof/symbol       --\u003e handlerName=github.com/hertz-contrib/pprof/adaptor.NewHertzHTTPHandler.func1 (num=1 handlers)","time":"2023-06-15T01:06:18+08:00"}
{"level":"debug","msg":"HERTZ: Method=GET    absolutePath=/debug/pprof/trace        --\u003e handlerName=github.com/hertz-contrib/pprof/adaptor.NewHertzHTTPHandler.func1 (num=1 handlers)","time":"2023-06-15T01:06:18+08:00"}
{"level":"debug","msg":"HERTZ: Method=GET    absolutePath=/debug/pprof/allocs       --\u003e handlerName=github.com/hertz-contrib/pprof/adaptor.NewHertzHTTPHandler.func1 (num=1 handlers)","time":"2023-06-15T01:06:18+08:00"}
{"level":"debug","msg":"HERTZ: Method=GET    absolutePath=/debug/pprof/block        --\u003e handlerName=github.com/hertz-contrib/pprof/adaptor.NewHertzHTTPHandler.func1 (num=1 handlers)","time":"2023-06-15T01:06:18+08:00"}
{"level":"debug","msg":"HERTZ: Method=GET    absolutePath=/debug/pprof/goroutine    --\u003e handlerName=github.com/hertz-contrib/pprof/adaptor.NewHertzHTTPHandler.func1 (num=1 handlers)","time":"2023-06-15T01:06:18+08:00"}
{"level":"debug","msg":"HERTZ: Method=GET    absolutePath=/debug/pprof/heap         --\u003e handlerName=github.com/hertz-contrib/pprof/adaptor.NewHertzHTTPHandler.func1 (num=1 handlers)","time":"2023-06-15T01:06:18+08:00"}
{"level":"debug","msg":"HERTZ: Method=GET    absolutePath=/debug/pprof/mutex        --\u003e handlerName=github.com/hertz-contrib/pprof/adaptor.NewHertzHTTPHandler.func1 (num=1 handlers)","time":"2023-06-15T01:06:18+08:00"}
{"level":"debug","msg":"HERTZ: Method=GET    absolutePath=/debug/pprof/threadcreate --\u003e handlerName=github.com/hertz-contrib/pprof/adaptor.NewHertzHTTPHandler.func1 (num=1 handlers)","time":"2023-06-15T01:06:18+08:00"}
{"level":"debug","msg":"HERTZ: Method=POST   absolutePath=/user/login               --\u003e handlerName=tank_war/agent_server/cmd/api/biz/handler/user.Login (num=2 handlers)","time":"2023-06-15T01:06:18+08:00"}
{"level":"debug","msg":"HERTZ: Method=POST   absolutePath=/user/register            --\u003e handlerName=tank_war/agent_server/cmd/api/biz/handler/user.Register (num=2 handlers)","time":"2023-06-15T01:06:18+08:00"}
{"level":"debug","msg":"HERTZ: Method=GET    absolutePath=/room                     --\u003e handlerName=tank_war/agent_server/cmd/api/biz/handler/room.GetRoomList (num=2 handlers)","time":"2023-06-15T01:06:18+08:00"}
{"level":"debug","msg":"HERTZ: Method=POST   absolutePath=/room                     --\u003e handlerName=tank_war/agent_server/cmd/api/biz/handler/room.CreateRoom (num=3 handlers)","time":"2023-06-15T01:06:18+08:00"}
{"level":"debug","msg":"HERTZ: Method=POST   absolutePath=/room/join                --\u003e handlerName=tank_war/agent_server/cmd/api/biz/handler/room.JoinRoom (num=3 handlers)","time":"2023-06-15T01:06:18+08:00"}
{"level":"debug","msg":"HERTZ: Method=GET    absolutePath=/ping                     --\u003e handlerName=tank_war/agent_server/cmd/api/biz/handler.Ping (num=2 handlers)","time":"2023-06-15T01:06:18+08:00"}
{"level":"info","msg":"HERTZ: Using network library=netpoll","time":"2023-06-15T01:06:18+08:00"}
{"level":"info","msg":"HERTZ: HTTP server listening on address=[::]:8080","time":"2023-06-15T01:06:18+08:00"}
{"level":"error","msg":"HERTZ: Receive close signal: error=terminated","time":"2023-06-15T01:12:03+08:00"}
{"level":"info","msg":"initialize redis successfully.","time":"2023-06-15T01:12:06+08:00"}
{"level":"info","msg":"init user client success","time":"2023-06-15T01:12:06+08:00"}
{"level":"debug","msg":"HERTZ: Method=GET    absolutePath=/debug/pprof/             --\u003e handlerName=github.com/hertz-contrib/pprof/adaptor.NewHertzHTTPHandler.func1 (num=1 handlers)","time":"2023-06-15T01:12:06+08:00"}
{"level":"debug","msg":"HERTZ: Method=GET    absolutePath=/debug/pprof/cmdline      --\u003e handlerName=github.com/hertz-contrib/pprof/adaptor.NewHertzHTTPHandler.func1 (num=1 handlers)","time":"2023-06-15T01:12:06+08:00"}
{"level":"debug","msg":"HERTZ: Method=GET    absolutePath=/debug/pprof/profile      --\u003e handlerName=github.com/hertz-contrib/pprof/adaptor.NewHertzHTTPHandler.func1 (num=1 handlers)","time":"2023-06-15T01:12:06+08:00"}
{"level":"debug","msg":"HERTZ: Method=POST   absolutePath=/debug/pprof/symbol       --\u003e handlerName=github.com/hertz-contrib/pprof/adaptor.NewHertzHTTPHandler.func1 (num=1 handlers)","time":"2023-06-15T01:12:06+08:00"}
{"level":"debug","msg":"HERTZ: Method=GET    absolutePath=/debug/pprof/symbol       --\u003e handlerName=github.com/hertz-contrib/pprof/adaptor.NewHertzHTTPHandler.func1 (num=1 handlers)","time":"2023-06-15T01:12:06+08:00"}
{"level":"debug","msg":"HERTZ: Method=GET    absolutePath=/debug/pprof/trace        --\u003e handlerName=github.com/hertz-contrib/pprof/adaptor.NewHertzHTTPHandler.func1 (num=1 handlers)","time":"2023-06-15T01:12:06+08:00"}
{"level":"debug","msg":"HERTZ: Method=GET    absolutePath=/debug/pprof/allocs       --\u003e handlerName=github.com/hertz-contrib/pprof/adaptor.NewHertzHTTPHandler.func1 (num=1 handlers)","time":"2023-06-15T01:12:06+08:00"}
{"level":"debug","msg":"HERTZ: Method=GET    absolutePath=/debug/pprof/block        --\u003e handlerName=github.com/hertz-contrib/pprof/adaptor.NewHertzHTTPHandler.func1 (num=1 handlers)","time":"2023-06-15T01:12:06+08:00"}
{"level":"debug","msg":"HERTZ: Method=GET    absolutePath=/debug/pprof/goroutine    --\u003e handlerName=github.com/hertz-contrib/pprof/adaptor.NewHertzHTTPHandler.func1 (num=1 handlers)","time":"2023-06-15T01:12:06+08:00"}
{"level":"debug","msg":"HERTZ: Method=GET    absolutePath=/debug/pprof/heap         --\u003e handlerName=github.com/hertz-contrib/pprof/adaptor.NewHertzHTTPHandler.func1 (num=1 handlers)","time":"2023-06-15T01:12:06+08:00"}
{"level":"debug","msg":"HERTZ: Method=GET    absolutePath=/debug/pprof/mutex        --\u003e handlerName=github.com/hertz-contrib/pprof/adaptor.NewHertzHTTPHandler.func1 (num=1 handlers)","time":"2023-06-15T01:12:06+08:00"}
{"level":"debug","msg":"HERTZ: Method=GET    absolutePath=/debug/pprof/threadcreate --\u003e handlerName=github.com/hertz-contrib/pprof/adaptor.NewHertzHTTPHandler.func1 (num=1 handlers)","time":"2023-06-15T01:12:06+08:00"}
{"level":"debug","msg":"HERTZ: Method=POST   absolutePath=/user/login               --\u003e handlerName=tank_war/agent_server/cmd/api/biz/handler/user.Login (num=2 handlers)","time":"2023-06-15T01:12:06+08:00"}
{"level":"debug","msg":"HERTZ: Method=POST   absolutePath=/user/register            --\u003e handlerName=tank_war/agent_server/cmd/api/biz/handler/user.Register (num=2 handlers)","time":"2023-06-15T01:12:06+08:00"}
{"level":"debug","msg":"HERTZ: Method=GET    absolutePath=/room                     --\u003e handlerName=tank_war/agent_server/cmd/api/biz/handler/room.GetRoomList (num=2 handlers)","time":"2023-06-15T01:12:06+08:00"}
{"level":"debug","msg":"HERTZ: Method=POST   absolutePath=/room                     --\u003e handlerName=tank_war/agent_server/cmd/api/biz/handler/room.CreateRoom (num=3 handlers)","time":"2023-06-15T01:12:06+08:00"}
{"level":"debug","msg":"HERTZ: Method=POST   absolutePath=/room/join                --\u003e handlerName=tank_war/agent_server/cmd/api/biz/handler/room.JoinRoom (num=3 handlers)","time":"2023-06-15T01:12:06+08:00"}
{"level":"debug","msg":"HERTZ: Method=GET    absolutePath=/ping                     --\u003e handlerName=tank_war/agent_server/cmd/api/biz/handler.Ping (num=2 handlers)","time":"2023-06-15T01:12:06+08:00"}
{"level":"info","msg":"HERTZ: Using network library=netpoll","time":"2023-06-15T01:12:06+08:00"}
{"level":"info","msg":"HERTZ: HTTP server listening on address=[::]:8080","time":"2023-06-15T01:12:06+08:00"}
{"level":"error","msg":"HERTZ: Receive close signal: error=terminated","time":"2023-06-15T01:13:20+08:00"}
{"level":"info","msg":"initialize redis successfully.","time":"2023-06-15T01:13:25+08:00"}
{"level":"info","msg":"init user client success","time":"2023-06-15T01:13:25+08:00"}
{"level":"debug","msg":"HERTZ: Method=GET    absolutePath=/debug/pprof/             --\u003e handlerName=github.com/hertz-contrib/pprof/adaptor.NewHertzHTTPHandler.func1 (num=1 handlers)","time":"2023-06-15T01:13:25+08:00"}
{"level":"debug","msg":"HERTZ: Method=GET    absolutePath=/debug/pprof/cmdline      --\u003e handlerName=github.com/hertz-contrib/pprof/adaptor.NewHertzHTTPHandler.func1 (num=1 handlers)","time":"2023-06-15T01:13:25+08:00"}
{"level":"debug","msg":"HERTZ: Method=GET    absolutePath=/debug/pprof/profile      --\u003e handlerName=github.com/hertz-contrib/pprof/adaptor.NewHertzHTTPHandler.func1 (num=1 handlers)","time":"2023-06-15T01:13:25+08:00"}
{"level":"debug","msg":"HERTZ: Method=POST   absolutePath=/debug/pprof/symbol       --\u003e handlerName=github.com/hertz-contrib/pprof/adaptor.NewHertzHTTPHandler.func1 (num=1 handlers)","time":"2023-06-15T01:13:25+08:00"}
{"level":"debug","msg":"HERTZ: Method=GET    absolutePath=/debug/pprof/symbol       --\u003e handlerName=github.com/hertz-contrib/pprof/adaptor.NewHertzHTTPHandler.func1 (num=1 handlers)","time":"2023-06-15T01:13:25+08:00"}
{"level":"debug","msg":"HERTZ: Method=GET    absolutePath=/debug/pprof/trace        --\u003e handlerName=github.com/hertz-contrib/pprof/adaptor.NewHertzHTTPHandler.func1 (num=1 handlers)","time":"2023-06-15T01:13:25+08:00"}
{"level":"debug","msg":"HERTZ: Method=GET    absolutePath=/debug/pprof/allocs       --\u003e handlerName=github.com/hertz-contrib/pprof/adaptor.NewHertzHTTPHandler.func1 (num=1 handlers)","time":"2023-06-15T01:13:25+08:00"}
{"level":"debug","msg":"HERTZ: Method=GET    absolutePath=/debug/pprof/block        --\u003e handlerName=github.com/hertz-contrib/pprof/adaptor.NewHertzHTTPHandler.func1 (num=1 handlers)","time":"2023-06-15T01:13:25+08:00"}
{"level":"debug","msg":"HERTZ: Method=GET    absolutePath=/debug/pprof/goroutine    --\u003e handlerName=github.com/hertz-contrib/pprof/adaptor.NewHertzHTTPHandler.func1 (num=1 handlers)","time":"2023-06-15T01:13:25+08:00"}
{"level":"debug","msg":"HERTZ: Method=GET    absolutePath=/debug/pprof/heap         --\u003e handlerName=github.com/hertz-contrib/pprof/adaptor.NewHertzHTTPHandler.func1 (num=1 handlers)","time":"2023-06-15T01:13:25+08:00"}
{"level":"debug","msg":"HERTZ: Method=GET    absolutePath=/debug/pprof/mutex        --\u003e handlerName=github.com/hertz-contrib/pprof/adaptor.NewHertzHTTPHandler.func1 (num=1 handlers)","time":"2023-06-15T01:13:25+08:00"}
{"level":"debug","msg":"HERTZ: Method=GET    absolutePath=/debug/pprof/threadcreate --\u003e handlerName=github.com/hertz-contrib/pprof/adaptor.NewHertzHTTPHandler.func1 (num=1 handlers)","time":"2023-06-15T01:13:25+08:00"}
{"level":"debug","msg":"HERTZ: Method=POST   absolutePath=/user/login               --\u003e handlerName=tank_war/agent_server/cmd/api/biz/handler/user.Login (num=2 handlers)","time":"2023-06-15T01:13:25+08:00"}
{"level":"debug","msg":"HERTZ: Method=POST   absolutePath=/user/register            --\u003e handlerName=tank_war/agent_server/cmd/api/biz/handler/user.Register (num=2 handlers)","time":"2023-06-15T01:13:25+08:00"}
{"level":"debug","msg":"HERTZ: Method=GET    absolutePath=/room                     --\u003e handlerName=tank_war/agent_server/cmd/api/biz/handler/room.GetRoomList (num=2 handlers)","time":"2023-06-15T01:13:25+08:00"}
{"level":"debug","msg":"HERTZ: Method=POST   absolutePath=/room                     --\u003e handlerName=tank_war/agent_server/cmd/api/biz/handler/room.CreateRoom (num=3 handlers)","time":"2023-06-15T01:13:25+08:00"}
{"level":"debug","msg":"HERTZ: Method=POST   absolutePath=/room/join                --\u003e handlerName=tank_war/agent_server/cmd/api/biz/handler/room.JoinRoom (num=3 handlers)","time":"2023-06-15T01:13:25+08:00"}
{"level":"debug","msg":"HERTZ: Method=GET    absolutePath=/ping                     --\u003e handlerName=tank_war/agent_server/cmd/api/biz/handler.Ping (num=2 handlers)","time":"2023-06-15T01:13:25+08:00"}
{"level":"info","msg":"HERTZ: Using network library=netpoll","time":"2023-06-15T01:13:25+08:00"}
{"level":"info","msg":"HERTZ: HTTP server listening on address=[::]:8080","time":"2023-06-15T01:13:25+08:00"}
{"level":"error","msg":"HERTZ: Receive close signal: error=terminated","time":"2023-06-15T01:17:08+08:00"}
{"level":"info","msg":"initialize redis successfully.","time":"2023-06-15T01:17:19+08:00"}
{"level":"info","msg":"init user client success","time":"2023-06-15T01:17:19+08:00"}
{"level":"debug","msg":"HERTZ: Method=GET    absolutePath=/debug/pprof/             --\u003e handlerName=github.com/hertz-contrib/pprof/adaptor.NewHertzHTTPHandler.func1 (num=1 handlers)","time":"2023-06-15T01:17:19+08:00"}
{"level":"debug","msg":"HERTZ: Method=GET    absolutePath=/debug/pprof/cmdline      --\u003e handlerName=github.com/hertz-contrib/pprof/adaptor.NewHertzHTTPHandler.func1 (num=1 handlers)","time":"2023-06-15T01:17:19+08:00"}
{"level":"debug","msg":"HERTZ: Method=GET    absolutePath=/debug/pprof/profile      --\u003e handlerName=github.com/hertz-contrib/pprof/adaptor.NewHertzHTTPHandler.func1 (num=1 handlers)","time":"2023-06-15T01:17:19+08:00"}
{"level":"debug","msg":"HERTZ: Method=POST   absolutePath=/debug/pprof/symbol       --\u003e handlerName=github.com/hertz-contrib/pprof/adaptor.NewHertzHTTPHandler.func1 (num=1 handlers)","time":"2023-06-15T01:17:19+08:00"}
{"level":"debug","msg":"HERTZ: Method=GET    absolutePath=/debug/pprof/symbol       --\u003e handlerName=github.com/hertz-contrib/pprof/adaptor.NewHertzHTTPHandler.func1 (num=1 handlers)","time":"2023-06-15T01:17:19+08:00"}
{"level":"debug","msg":"HERTZ: Method=GET    absolutePath=/debug/pprof/trace        --\u003e handlerName=github.com/hertz-contrib/pprof/adaptor.NewHertzHTTPHandler.func1 (num=1 handlers)","time":"2023-06-15T01:17:19+08:00"}
{"level":"debug","msg":"HERTZ: Method=GET    absolutePath=/debug/pprof/allocs       --\u003e handlerName=github.com/hertz-contrib/pprof/adaptor.NewHertzHTTPHandler.func1 (num=1 handlers)","time":"2023-06-15T01:17:19+08:00"}
{"level":"debug","msg":"HERTZ: Method=GET    absolutePath=/debug/pprof/block        --\u003e handlerName=github.com/hertz-contrib/pprof/adaptor.NewHertzHTTPHandler.func1 (num=1 handlers)","time":"2023-06-15T01:17:19+08:00"}
{"level":"debug","msg":"HERTZ: Method=GET    absolutePath=/debug/pprof/goroutine    --\u003e handlerName=github.com/hertz-contrib/pprof/adaptor.NewHertzHTTPHandler.func1 (num=1 handlers)","time":"2023-06-15T01:17:19+08:00"}
{"level":"debug","msg":"HERTZ: Method=GET    absolutePath=/debug/pprof/heap         --\u003e handlerName=github.com/hertz-contrib/pprof/adaptor.NewHertzHTTPHandler.func1 (num=1 handlers)","time":"2023-06-15T01:17:19+08:00"}
{"level":"debug","msg":"HERTZ: Method=GET    absolutePath=/debug/pprof/mutex        --\u003e handlerName=github.com/hertz-contrib/pprof/adaptor.NewHertzHTTPHandler.func1 (num=1 handlers)","time":"2023-06-15T01:17:19+08:00"}
{"level":"debug","msg":"HERTZ: Method=GET    absolutePath=/debug/pprof/threadcreate --\u003e handlerName=github.com/hertz-contrib/pprof/adaptor.NewHertzHTTPHandler.func1 (num=1 handlers)","time":"2023-06-15T01:17:19+08:00"}
{"level":"debug","msg":"HERTZ: Method=POST   absolutePath=/user/login               --\u003e handlerName=tank_war/agent_server/cmd/api/biz/handler/user.Login (num=2 handlers)","time":"2023-06-15T01:17:19+08:00"}
{"level":"debug","msg":"HERTZ: Method=POST   absolutePath=/user/register            --\u003e handlerName=tank_war/agent_server/cmd/api/biz/handler/user.Register (num=2 handlers)","time":"2023-06-15T01:17:19+08:00"}
{"level":"debug","msg":"HERTZ: Method=GET    absolutePath=/room                     --\u003e handlerName=tank_war/agent_server/cmd/api/biz/handler/room.GetRoomList (num=2 handlers)","time":"2023-06-15T01:17:19+08:00"}
{"level":"debug","msg":"HERTZ: Method=POST   absolutePath=/room                     --\u003e handlerName=tank_war/agent_server/cmd/api/biz/handler/room.CreateRoom (num=3 handlers)","time":"2023-06-15T01:17:19+08:00"}
{"level":"debug","msg":"HERTZ: Method=POST   absolutePath=/room/join                --\u003e handlerName=tank_war/agent_server/cmd/api/biz/handler/room.JoinRoom (num=3 handlers)","time":"2023-06-15T01:17:19+08:00"}
{"level":"debug","msg":"HERTZ: Method=GET    absolutePath=/ping                     --\u003e handlerName=tank_war/agent_server/cmd/api/biz/handler.Ping (num=2 handlers)","time":"2023-06-15T01:17:19+08:00"}
{"level":"info","msg":"HERTZ: Using network library=netpoll","time":"2023-06-15T01:17:19+08:00"}
{"level":"info","msg":"HERTZ: HTTP server listening on address=[::]:8080","time":"2023-06-15T01:17:19+08:00"}
{"level":"info","msg":"initialize redis successfully.","time":"2023-06-15T09:24:11+08:00"}
{"level":"info","msg":"init user client success","time":"2023-06-15T09:24:11+08:00"}
{"level":"debug","msg":"HERTZ: Method=GET    absolutePath=/debug/pprof/             --\u003e handlerName=github.com/hertz-contrib/pprof/adaptor.NewHertzHTTPHandler.func1 (num=1 handlers)","time":"2023-06-15T09:24:11+08:00"}
{"level":"debug","msg":"HERTZ: Method=GET    absolutePath=/debug/pprof/cmdline      --\u003e handlerName=github.com/hertz-contrib/pprof/adaptor.NewHertzHTTPHandler.func1 (num=1 handlers)","time":"2023-06-15T09:24:11+08:00"}
{"level":"debug","msg":"HERTZ: Method=GET    absolutePath=/debug/pprof/profile      --\u003e handlerName=github.com/hertz-contrib/pprof/adaptor.NewHertzHTTPHandler.func1 (num=1 handlers)","time":"2023-06-15T09:24:11+08:00"}
{"level":"debug","msg":"HERTZ: Method=POST   absolutePath=/debug/pprof/symbol       --\u003e handlerName=github.com/hertz-contrib/pprof/adaptor.NewHertzHTTPHandler.func1 (num=1 handlers)","time":"2023-06-15T09:24:11+08:00"}
{"level":"debug","msg":"HERTZ: Method=GET    absolutePath=/debug/pprof/symbol       --\u003e handlerName=github.com/hertz-contrib/pprof/adaptor.NewHertzHTTPHandler.func1 (num=1 handlers)","time":"2023-06-15T09:24:11+08:00"}
{"level":"debug","msg":"HERTZ: Method=GET    absolutePath=/debug/pprof/trace        --\u003e handlerName=github.com/hertz-contrib/pprof/adaptor.NewHertzHTTPHandler.func1 (num=1 handlers)","time":"2023-06-15T09:24:11+08:00"}
{"level":"debug","msg":"HERTZ: Method=GET    absolutePath=/debug/pprof/allocs       --\u003e handlerName=github.com/hertz-contrib/pprof/adaptor.NewHertzHTTPHandler.func1 (num=1 handlers)","time":"2023-06-15T09:24:11+08:00"}
{"level":"debug","msg":"HERTZ: Method=GET    absolutePath=/debug/pprof/block        --\u003e handlerName=github.com/hertz-contrib/pprof/adaptor.NewHertzHTTPHandler.func1 (num=1 handlers)","time":"2023-06-15T09:24:11+08:00"}
{"level":"debug","msg":"HERTZ: Method=GET    absolutePath=/debug/pprof/goroutine    --\u003e handlerName=github.com/hertz-contrib/pprof/adaptor.NewHertzHTTPHandler.func1 (num=1 handlers)","time":"2023-06-15T09:24:11+08:00"}
{"level":"debug","msg":"HERTZ: Method=GET    absolutePath=/debug/pprof/heap         --\u003e handlerName=github.com/hertz-contrib/pprof/adaptor.NewHertzHTTPHandler.func1 (num=1 handlers)","time":"2023-06-15T09:24:11+08:00"}
{"level":"debug","msg":"HERTZ: Method=GET    absolutePath=/debug/pprof/mutex        --\u003e handlerName=github.com/hertz-contrib/pprof/adaptor.NewHertzHTTPHandler.func1 (num=1 handlers)","time":"2023-06-15T09:24:11+08:00"}
{"level":"debug","msg":"HERTZ: Method=GET    absolutePath=/debug/pprof/threadcreate --\u003e handlerName=github.com/hertz-contrib/pprof/adaptor.NewHertzHTTPHandler.func1 (num=1 handlers)","time":"2023-06-15T09:24:11+08:00"}
{"level":"debug","msg":"HERTZ: Method=POST   absolutePath=/user/login               --\u003e handlerName=tank_war/agent_server/cmd/api/biz/handler/user.Login (num=2 handlers)","time":"2023-06-15T09:24:11+08:00"}
{"level":"debug","msg":"HERTZ: Method=POST   absolutePath=/user/register            --\u003e handlerName=tank_war/agent_server/cmd/api/biz/handler/user.Register (num=2 handlers)","time":"2023-06-15T09:24:11+08:00"}
{"level":"debug","msg":"HERTZ: Method=GET    absolutePath=/room                     --\u003e handlerName=tank_war/agent_server/cmd/api/biz/handler/room.GetRoomList (num=2 handlers)","time":"2023-06-15T09:24:11+08:00"}
{"level":"debug","msg":"HERTZ: Method=POST   absolutePath=/room                     --\u003e handlerName=tank_war/agent_server/cmd/api/biz/handler/room.CreateRoom (num=3 handlers)","time":"2023-06-15T09:24:11+08:00"}
{"level":"debug","msg":"HERTZ: Method=POST   absolutePath=/room/join                --\u003e handlerName=tank_war/agent_server/cmd/api/biz/handler/room.JoinRoom (num=3 handlers)","time":"2023-06-15T09:24:11+08:00"}
{"level":"debug","msg":"HERTZ: Method=GET    absolutePath=/ping                     --\u003e handlerName=tank_war/agent_server/cmd/api/biz/handler.Ping (num=2 handlers)","time":"2023-06-15T09:24:11+08:00"}
{"level":"info","msg":"HERTZ: Using network library=netpoll","time":"2023-06-15T09:24:11+08:00"}
{"level":"info","msg":"HERTZ: HTTP server listening on address=[::]:8080","time":"2023-06-15T09:24:11+08:00"}
{"level":"error","msg":"HERTZ: Receive close signal: error=terminated","time":"2023-06-15T09:27:07+08:00"}
{"level":"info","msg":"initialize redis successfully.","time":"2023-06-15T09:27:15+08:00"}
{"level":"info","msg":"init user client success","time":"2023-06-15T09:27:15+08:00"}
{"level":"debug","msg":"HERTZ: Method=GET    absolutePath=/debug/pprof/             --\u003e handlerName=github.com/hertz-contrib/pprof/adaptor.NewHertzHTTPHandler.func1 (num=1 handlers)","time":"2023-06-15T09:27:15+08:00"}
{"level":"debug","msg":"HERTZ: Method=GET    absolutePath=/debug/pprof/cmdline      --\u003e handlerName=github.com/hertz-contrib/pprof/adaptor.NewHertzHTTPHandler.func1 (num=1 handlers)","time":"2023-06-15T09:27:15+08:00"}
{"level":"debug","msg":"HERTZ: Method=GET    absolutePath=/debug/pprof/profile      --\u003e handlerName=github.com/hertz-contrib/pprof/adaptor.NewHertzHTTPHandler.func1 (num=1 handlers)","time":"2023-06-15T09:27:15+08:00"}
{"level":"debug","msg":"HERTZ: Method=POST   absolutePath=/debug/pprof/symbol       --\u003e handlerName=github.com/hertz-contrib/pprof/adaptor.NewHertzHTTPHandler.func1 (num=1 handlers)","time":"2023-06-15T09:27:15+08:00"}
{"level":"debug","msg":"HERTZ: Method=GET    absolutePath=/debug/pprof/symbol       --\u003e handlerName=github.com/hertz-contrib/pprof/adaptor.NewHertzHTTPHandler.func1 (num=1 handlers)","time":"2023-06-15T09:27:15+08:00"}
{"level":"debug","msg":"HERTZ: Method=GET    absolutePath=/debug/pprof/trace        --\u003e handlerName=github.com/hertz-contrib/pprof/adaptor.NewHertzHTTPHandler.func1 (num=1 handlers)","time":"2023-06-15T09:27:15+08:00"}
{"level":"debug","msg":"HERTZ: Method=GET    absolutePath=/debug/pprof/allocs       --\u003e handlerName=github.com/hertz-contrib/pprof/adaptor.NewHertzHTTPHandler.func1 (num=1 handlers)","time":"2023-06-15T09:27:15+08:00"}
{"level":"debug","msg":"HERTZ: Method=GET    absolutePath=/debug/pprof/block        --\u003e handlerName=github.com/hertz-contrib/pprof/adaptor.NewHertzHTTPHandler.func1 (num=1 handlers)","time":"2023-06-15T09:27:15+08:00"}
{"level":"debug","msg":"HERTZ: Method=GET    absolutePath=/debug/pprof/goroutine    --\u003e handlerName=github.com/hertz-contrib/pprof/adaptor.NewHertzHTTPHandler.func1 (num=1 handlers)","time":"2023-06-15T09:27:15+08:00"}
{"level":"debug","msg":"HERTZ: Method=GET    absolutePath=/debug/pprof/heap         --\u003e handlerName=github.com/hertz-contrib/pprof/adaptor.NewHertzHTTPHandler.func1 (num=1 handlers)","time":"2023-06-15T09:27:15+08:00"}
{"level":"debug","msg":"HERTZ: Method=GET    absolutePath=/debug/pprof/mutex        --\u003e handlerName=github.com/hertz-contrib/pprof/adaptor.NewHertzHTTPHandler.func1 (num=1 handlers)","time":"2023-06-15T09:27:15+08:00"}
{"level":"debug","msg":"HERTZ: Method=GET    absolutePath=/debug/pprof/threadcreate --\u003e handlerName=github.com/hertz-contrib/pprof/adaptor.NewHertzHTTPHandler.func1 (num=1 handlers)","time":"2023-06-15T09:27:15+08:00"}
{"level":"debug","msg":"HERTZ: Method=POST   absolutePath=/user/login               --\u003e handlerName=tank_war/agent_server/cmd/api/biz/handler/user.Login (num=2 handlers)","time":"2023-06-15T09:27:15+08:00"}
{"level":"debug","msg":"HERTZ: Method=POST   absolutePath=/user/register            --\u003e handlerName=tank_war/agent_server/cmd/api/biz/handler/user.Register (num=2 handlers)","time":"2023-06-15T09:27:15+08:00"}
{"level":"debug","msg":"HERTZ: Method=GET    absolutePath=/room                     --\u003e handlerName=tank_war/agent_server/cmd/api/biz/handler/room.GetRoomList (num=2 handlers)","time":"2023-06-15T09:27:15+08:00"}
{"level":"debug","msg":"HERTZ: Method=POST   absolutePath=/room                     --\u003e handlerName=tank_war/agent_server/cmd/api/biz/handler/room.CreateRoom (num=3 handlers)","time":"2023-06-15T09:27:15+08:00"}
{"level":"debug","msg":"HERTZ: Method=POST   absolutePath=/room/join                --\u003e handlerName=tank_war/agent_server/cmd/api/biz/handler/room.JoinRoom (num=3 handlers)","time":"2023-06-15T09:27:15+08:00"}
{"level":"debug","msg":"HERTZ: Method=GET    absolutePath=/ping                     --\u003e handlerName=tank_war/agent_server/cmd/api/biz/handler.Ping (num=2 handlers)","time":"2023-06-15T09:27:15+08:00"}
{"level":"info","msg":"HERTZ: Using network library=netpoll","time":"2023-06-15T09:27:15+08:00"}
{"level":"info","msg":"HERTZ: HTTP server listening on address=[::]:8080","time":"2023-06-15T09:27:15+08:00"}
{"level":"error","msg":"HERTZ: Receive close signal: error=terminated","time":"2023-06-15T09:29:15+08:00"}
{"level":"info","msg":"initialize redis successfully.","time":"2023-06-15T09:29:19+08:00"}
{"level":"info","msg":"init user client success","time":"2023-06-15T09:29:19+08:00"}
{"level":"debug","msg":"HERTZ: Method=GET    absolutePath=/debug/pprof/             --\u003e handlerName=github.com/hertz-contrib/pprof/adaptor.NewHertzHTTPHandler.func1 (num=1 handlers)","time":"2023-06-15T09:29:19+08:00"}
{"level":"debug","msg":"HERTZ: Method=GET    absolutePath=/debug/pprof/cmdline      --\u003e handlerName=github.com/hertz-contrib/pprof/adaptor.NewHertzHTTPHandler.func1 (num=1 handlers)","time":"2023-06-15T09:29:19+08:00"}
{"level":"debug","msg":"HERTZ: Method=GET    absolutePath=/debug/pprof/profile      --\u003e handlerName=github.com/hertz-contrib/pprof/adaptor.NewHertzHTTPHandler.func1 (num=1 handlers)","time":"2023-06-15T09:29:19+08:00"}
{"level":"debug","msg":"HERTZ: Method=POST   absolutePath=/debug/pprof/symbol       --\u003e handlerName=github.com/hertz-contrib/pprof/adaptor.NewHertzHTTPHandler.func1 (num=1 handlers)","time":"2023-06-15T09:29:19+08:00"}
{"level":"debug","msg":"HERTZ: Method=GET    absolutePath=/debug/pprof/symbol       --\u003e handlerName=github.com/hertz-contrib/pprof/adaptor.NewHertzHTTPHandler.func1 (num=1 handlers)","time":"2023-06-15T09:29:19+08:00"}
{"level":"debug","msg":"HERTZ: Method=GET    absolutePath=/debug/pprof/trace        --\u003e handlerName=github.com/hertz-contrib/pprof/adaptor.NewHertzHTTPHandler.func1 (num=1 handlers)","time":"2023-06-15T09:29:19+08:00"}
{"level":"debug","msg":"HERTZ: Method=GET    absolutePath=/debug/pprof/allocs       --\u003e handlerName=github.com/hertz-contrib/pprof/adaptor.NewHertzHTTPHandler.func1 (num=1 handlers)","time":"2023-06-15T09:29:19+08:00"}
{"level":"debug","msg":"HERTZ: Method=GET    absolutePath=/debug/pprof/block        --\u003e handlerName=github.com/hertz-contrib/pprof/adaptor.NewHertzHTTPHandler.func1 (num=1 handlers)","time":"2023-06-15T09:29:19+08:00"}
{"level":"debug","msg":"HERTZ: Method=GET    absolutePath=/debug/pprof/goroutine    --\u003e handlerName=github.com/hertz-contrib/pprof/adaptor.NewHertzHTTPHandler.func1 (num=1 handlers)","time":"2023-06-15T09:29:19+08:00"}
{"level":"debug","msg":"HERTZ: Method=GET    absolutePath=/debug/pprof/heap         --\u003e handlerName=github.com/hertz-contrib/pprof/adaptor.NewHertzHTTPHandler.func1 (num=1 handlers)","time":"2023-06-15T09:29:19+08:00"}
{"level":"debug","msg":"HERTZ: Method=GET    absolutePath=/debug/pprof/mutex        --\u003e handlerName=github.com/hertz-contrib/pprof/adaptor.NewHertzHTTPHandler.func1 (num=1 handlers)","time":"2023-06-15T09:29:19+08:00"}
{"level":"debug","msg":"HERTZ: Method=GET    absolutePath=/debug/pprof/threadcreate --\u003e handlerName=github.com/hertz-contrib/pprof/adaptor.NewHertzHTTPHandler.func1 (num=1 handlers)","time":"2023-06-15T09:29:19+08:00"}
{"level":"debug","msg":"HERTZ: Method=POST   absolutePath=/user/login               --\u003e handlerName=tank_war/agent_server/cmd/api/biz/handler/user.Login (num=2 handlers)","time":"2023-06-15T09:29:19+08:00"}
{"level":"debug","msg":"HERTZ: Method=POST   absolutePath=/user/register            --\u003e handlerName=tank_war/agent_server/cmd/api/biz/handler/user.Register (num=2 handlers)","time":"2023-06-15T09:29:19+08:00"}
{"level":"debug","msg":"HERTZ: Method=GET    absolutePath=/room                     --\u003e handlerName=tank_war/agent_server/cmd/api/biz/handler/room.GetRoomList (num=2 handlers)","time":"2023-06-15T09:29:19+08:00"}
{"level":"debug","msg":"HERTZ: Method=POST   absolutePath=/room                     --\u003e handlerName=tank_war/agent_server/cmd/api/biz/handler/room.CreateRoom (num=3 handlers)","time":"2023-06-15T09:29:19+08:00"}
{"level":"debug","msg":"HERTZ: Method=POST   absolutePath=/room/join                --\u003e handlerName=tank_war/agent_server/cmd/api/biz/handler/room.JoinRoom (num=3 handlers)","time":"2023-06-15T09:29:19+08:00"}
{"level":"debug","msg":"HERTZ: Method=GET    absolutePath=/ping                     --\u003e handlerName=tank_war/agent_server/cmd/api/biz/handler.Ping (num=2 handlers)","time":"2023-06-15T09:29:19+08:00"}
{"level":"info","msg":"HERTZ: Using network library=netpoll","time":"2023-06-15T09:29:19+08:00"}
{"level":"info","msg":"HERTZ: HTTP server listening on address=[::]:8080","time":"2023-06-15T09:29:19+08:00"}
{"level":"info","msg":"initialize redis successfully.","time":"2023-06-15T09:29:43+08:00"}
{"level":"info","msg":"init user client success","time":"2023-06-15T09:29:43+08:00"}
{"level":"debug","msg":"HERTZ: Method=GET    absolutePath=/debug/pprof/             --\u003e handlerName=github.com/hertz-contrib/pprof/adaptor.NewHertzHTTPHandler.func1 (num=1 handlers)","time":"2023-06-15T09:29:43+08:00"}
{"level":"debug","msg":"HERTZ: Method=GET    absolutePath=/debug/pprof/cmdline      --\u003e handlerName=github.com/hertz-contrib/pprof/adaptor.NewHertzHTTPHandler.func1 (num=1 handlers)","time":"2023-06-15T09:29:43+08:00"}
{"level":"debug","msg":"HERTZ: Method=GET    absolutePath=/debug/pprof/profile      --\u003e handlerName=github.com/hertz-contrib/pprof/adaptor.NewHertzHTTPHandler.func1 (num=1 handlers)","time":"2023-06-15T09:29:43+08:00"}
{"level":"debug","msg":"HERTZ: Method=POST   absolutePath=/debug/pprof/symbol       --\u003e handlerName=github.com/hertz-contrib/pprof/adaptor.NewHertzHTTPHandler.func1 (num=1 handlers)","time":"2023-06-15T09:29:43+08:00"}
{"level":"debug","msg":"HERTZ: Method=GET    absolutePath=/debug/pprof/symbol       --\u003e handlerName=github.com/hertz-contrib/pprof/adaptor.NewHertzHTTPHandler.func1 (num=1 handlers)","time":"2023-06-15T09:29:43+08:00"}
{"level":"debug","msg":"HERTZ: Method=GET    absolutePath=/debug/pprof/trace        --\u003e handlerName=github.com/hertz-contrib/pprof/adaptor.NewHertzHTTPHandler.func1 (num=1 handlers)","time":"2023-06-15T09:29:43+08:00"}
{"level":"debug","msg":"HERTZ: Method=GET    absolutePath=/debug/pprof/allocs       --\u003e handlerName=github.com/hertz-contrib/pprof/adaptor.NewHertzHTTPHandler.func1 (num=1 handlers)","time":"2023-06-15T09:29:43+08:00"}
{"level":"debug","msg":"HERTZ: Method=GET    absolutePath=/debug/pprof/block        --\u003e handlerName=github.com/hertz-contrib/pprof/adaptor.NewHertzHTTPHandler.func1 (num=1 handlers)","time":"2023-06-15T09:29:43+08:00"}
{"level":"debug","msg":"HERTZ: Method=GET    absolutePath=/debug/pprof/goroutine    --\u003e handlerName=github.com/hertz-contrib/pprof/adaptor.NewHertzHTTPHandler.func1 (num=1 handlers)","time":"2023-06-15T09:29:43+08:00"}
{"level":"debug","msg":"HERTZ: Method=GET    absolutePath=/debug/pprof/heap         --\u003e handlerName=github.com/hertz-contrib/pprof/adaptor.NewHertzHTTPHandler.func1 (num=1 handlers)","time":"2023-06-15T09:29:43+08:00"}
{"level":"debug","msg":"HERTZ: Method=GET    absolutePath=/debug/pprof/mutex        --\u003e handlerName=github.com/hertz-contrib/pprof/adaptor.NewHertzHTTPHandler.func1 (num=1 handlers)","time":"2023-06-15T09:29:43+08:00"}
{"level":"debug","msg":"HERTZ: Method=GET    absolutePath=/debug/pprof/threadcreate --\u003e handlerName=github.com/hertz-contrib/pprof/adaptor.NewHertzHTTPHandler.func1 (num=1 handlers)","time":"2023-06-15T09:29:43+08:00"}
{"level":"debug","msg":"HERTZ: Method=POST   absolutePath=/user/login               --\u003e handlerName=tank_war/agent_server/cmd/api/biz/handler/user.Login (num=2 handlers)","time":"2023-06-15T09:29:43+08:00"}
{"level":"debug","msg":"HERTZ: Method=POST   absolutePath=/user/register            --\u003e handlerName=tank_war/agent_server/cmd/api/biz/handler/user.Register (num=2 handlers)","time":"2023-06-15T09:29:43+08:00"}
{"level":"debug","msg":"HERTZ: Method=GET    absolutePath=/room                     --\u003e handlerName=tank_war/agent_server/cmd/api/biz/handler/room.GetRoomList (num=2 handlers)","time":"2023-06-15T09:29:43+08:00"}
{"level":"debug","msg":"HERTZ: Method=POST   absolutePath=/room                     --\u003e handlerName=tank_war/agent_server/cmd/api/biz/handler/room.CreateRoom (num=3 handlers)","time":"2023-06-15T09:29:43+08:00"}
{"level":"debug","msg":"HERTZ: Method=POST   absolutePath=/room/join                --\u003e handlerName=tank_war/agent_server/cmd/api/biz/handler/room.JoinRoom (num=3 handlers)","time":"2023-06-15T09:29:43+08:00"}
{"level":"debug","msg":"HERTZ: Method=GET    absolutePath=/ping                     --\u003e handlerName=tank_war/agent_server/cmd/api/biz/handler.Ping (num=2 handlers)","time":"2023-06-15T09:29:43+08:00"}
{"level":"info","msg":"HERTZ: Using network library=netpoll","time":"2023-06-15T09:29:43+08:00"}
{"level":"error","msg":"HERTZ: Receive close signal: error=terminated","time":"2023-06-15T09:29:56+08:00"}
{"level":"info","msg":"initialize redis successfully.","time":"2023-06-15T09:30:08+08:00"}
{"level":"info","msg":"init user client success","time":"2023-06-15T09:30:08+08:00"}
{"level":"debug","msg":"HERTZ: Method=GET    absolutePath=/debug/pprof/             --\u003e handlerName=github.com/hertz-contrib/pprof/adaptor.NewHertzHTTPHandler.func1 (num=1 handlers)","time":"2023-06-15T09:30:08+08:00"}
{"level":"debug","msg":"HERTZ: Method=GET    absolutePath=/debug/pprof/cmdline      --\u003e handlerName=github.com/hertz-contrib/pprof/adaptor.NewHertzHTTPHandler.func1 (num=1 handlers)","time":"2023-06-15T09:30:08+08:00"}
{"level":"debug","msg":"HERTZ: Method=GET    absolutePath=/debug/pprof/profile      --\u003e handlerName=github.com/hertz-contrib/pprof/adaptor.NewHertzHTTPHandler.func1 (num=1 handlers)","time":"2023-06-15T09:30:08+08:00"}
{"level":"debug","msg":"HERTZ: Method=POST   absolutePath=/debug/pprof/symbol       --\u003e handlerName=github.com/hertz-contrib/pprof/adaptor.NewHertzHTTPHandler.func1 (num=1 handlers)","time":"2023-06-15T09:30:08+08:00"}
{"level":"debug","msg":"HERTZ: Method=GET    absolutePath=/debug/pprof/symbol       --\u003e handlerName=github.com/hertz-contrib/pprof/adaptor.NewHertzHTTPHandler.func1 (num=1 handlers)","time":"2023-06-15T09:30:08+08:00"}
{"level":"debug","msg":"HERTZ: Method=GET    absolutePath=/debug/pprof/trace        --\u003e handlerName=github.com/hertz-contrib/pprof/adaptor.NewHertzHTTPHandler.func1 (num=1 handlers)","time":"2023-06-15T09:30:08+08:00"}
{"level":"debug","msg":"HERTZ: Method=GET    absolutePath=/debug/pprof/allocs       --\u003e handlerName=github.com/hertz-contrib/pprof/adaptor.NewHertzHTTPHandler.func1 (num=1 handlers)","time":"2023-06-15T09:30:08+08:00"}
{"level":"debug","msg":"HERTZ: Method=GET    absolutePath=/debug/pprof/block        --\u003e handlerName=github.com/hertz-contrib/pprof/adaptor.NewHertzHTTPHandler.func1 (num=1 handlers)","time":"2023-06-15T09:30:08+08:00"}
{"level":"debug","msg":"HERTZ: Method=GET    absolutePath=/debug/pprof/goroutine    --\u003e handlerName=github.com/hertz-contrib/pprof/adaptor.NewHertzHTTPHandler.func1 (num=1 handlers)","time":"2023-06-15T09:30:08+08:00"}
{"level":"debug","msg":"HERTZ: Method=GET    absolutePath=/debug/pprof/heap         --\u003e handlerName=github.com/hertz-contrib/pprof/adaptor.NewHertzHTTPHandler.func1 (num=1 handlers)","time":"2023-06-15T09:30:08+08:00"}
{"level":"debug","msg":"HERTZ: Method=GET    absolutePath=/debug/pprof/mutex        --\u003e handlerName=github.com/hertz-contrib/pprof/adaptor.NewHertzHTTPHandler.func1 (num=1 handlers)","time":"2023-06-15T09:30:08+08:00"}
{"level":"debug","msg":"HERTZ: Method=GET    absolutePath=/debug/pprof/threadcreate --\u003e handlerName=github.com/hertz-contrib/pprof/adaptor.NewHertzHTTPHandler.func1 (num=1 handlers)","time":"2023-06-15T09:30:08+08:00"}
{"level":"debug","msg":"HERTZ: Method=POST   absolutePath=/user/login               --\u003e handlerName=tank_war/agent_server/cmd/api/biz/handler/user.Login (num=2 handlers)","time":"2023-06-15T09:30:08+08:00"}
{"level":"debug","msg":"HERTZ: Method=POST   absolutePath=/user/register            --\u003e handlerName=tank_war/agent_server/cmd/api/biz/handler/user.Register (num=2 handlers)","time":"2023-06-15T09:30:08+08:00"}
{"level":"debug","msg":"HERTZ: Method=GET    absolutePath=/room                     --\u003e handlerName=tank_war/agent_server/cmd/api/biz/handler/room.GetRoomList (num=2 handlers)","time":"2023-06-15T09:30:08+08:00"}
{"level":"debug","msg":"HERTZ: Method=POST   absolutePath=/room                     --\u003e handlerName=tank_war/agent_server/cmd/api/biz/handler/room.CreateRoom (num=3 handlers)","time":"2023-06-15T09:30:08+08:00"}
{"level":"debug","msg":"HERTZ: Method=POST   absolutePath=/room/join                --\u003e handlerName=tank_war/agent_server/cmd/api/biz/handler/room.JoinRoom (num=3 handlers)","time":"2023-06-15T09:30:08+08:00"}
{"level":"debug","msg":"HERTZ: Method=GET    absolutePath=/ping                     --\u003e handlerName=tank_war/agent_server/cmd/api/biz/handler.Ping (num=2 handlers)","time":"2023-06-15T09:30:08+08:00"}
{"level":"info","msg":"HERTZ: Using network library=netpoll","time":"2023-06-15T09:30:08+08:00"}
{"level":"info","msg":"HERTZ: HTTP server listening on address=[::]:8080","time":"2023-06-15T09:30:08+08:00"}
